<?xml version="1.0" encoding="UTF-8"?>
<!-- Generated by org.testng.reporters.JUnitReportReporter -->
<testsuite hostname="TYSS-Venkataramanan" failures="0" tests="1" name="Iterview_pgm.SongArrange" time="39.182" errors="0" timestamp="2023-03-06T12:10:36 IST" skipped="0">
  <testcase classname="Iterview_pgm.SongArrange" name="SongList" time="39.182"/>
  <system-out/>
</testsuite> <!-- Iterview_pgm.SongArrange -->
