<?xml version="1.0" encoding="UTF-8"?>
<!-- Generated by org.testng.reporters.JUnitReportReporter -->
<testsuite hostname="TYSS-Venkataramanan" failures="0" tests="1" name="Iterview_pgm.SongArrange" time="21.401" errors="0" timestamp="2023-03-06T16:52:10 IST" skipped="0">
  <testcase classname="Iterview_pgm.SongArrange" name="SongList" time="21.401"/>
  <system-out/>
</testsuite> <!-- Iterview_pgm.SongArrange -->
